{
  "RSpec": {
    "coverage": {
      "/Users/meaganwaller/dev/devblog/backend/lib/active_record_extension.rb": {
        "lines": [
          null,
          null,
          1,
          null,
          null,
          null,
          null,
          1,
          1,
          null,
          1,
          1,
          0,
          0,
          null,
          null,
          null,
          null,
          1
        ]
      },
      "/Users/meaganwaller/dev/devblog/backend/app/jobs/category_fetcher_job.rb": {
        "lines": [
          1,
          1,
          null,
          1,
          4,
          null,
          4,
          null,
          3,
          4,
          4,
          null,
          3,
          3,
          null,
          null,
          null,
          1,
          null,
          1,
          1,
          null,
          null,
          null,
          null,
          null,
          null,
          1,
          3,
          null,
          null,
          null,
          null,
          null,
          null
        ]
      },
      "/Users/meaganwaller/dev/devblog/backend/app/jobs/application_job.rb": {
        "lines": [
          1,
          null,
          null,
          null,
          null,
          null,
          null
        ]
      },
      "/Users/meaganwaller/dev/devblog/backend/app/jobs/post_fetcher_job.rb": {
        "lines": [
          null,
          null,
          1,
          1,
          null,
          1,
          5,
          null,
          5,
          null,
          4,
          5,
          5,
          null,
          4,
          4,
          null,
          null,
          null,
          1,
          null,
          1,
          1,
          1,
          null,
          null,
          1,
          null,
          null,
          null,
          null,
          null,
          null,
          null,
          null,
          null,
          null,
          null,
          null,
          null,
          0,
          0,
          null,
          0,
          null,
          null,
          null,
          1,
          4,
          4,
          null,
          null,
          4,
          null,
          null,
          null,
          null,
          null,
          null,
          null,
          null,
          null,
          null,
          null,
          null,
          null,
          1,
          1,
          null,
          0,
          null,
          null,
          null,
          1,
          5,
          null,
          null,
          null,
          null,
          null,
          null,
          null,
          null,
          null,
          null,
          1,
          4,
          1,
          null,
          null
        ]
      },
      "/Users/meaganwaller/dev/devblog/backend/app/models/category.rb": {
        "lines": [
          null,
          null,
          null,
          null,
          null,
          null,
          null,
          null,
          null,
          null,
          null,
          null,
          null,
          null,
          null,
          null,
          null,
          1,
          1,
          1,
          null,
          1,
          1,
          1,
          null,
          1,
          null
        ]
      },
      "/Users/meaganwaller/dev/devblog/backend/app/models/application_record.rb": {
        "lines": [
          1,
          1,
          null
        ]
      },
      "/Users/meaganwaller/dev/devblog/backend/app/models/post.rb": {
        "lines": [
          null,
          null,
          null,
          null,
          null,
          null,
          null,
          null,
          null,
          null,
          null,
          null,
          null,
          null,
          null,
          null,
          null,
          null,
          null,
          null,
          null,
          null,
          null,
          null,
          null,
          null,
          null,
          null,
          null,
          null,
          1,
          1,
          null,
          1,
          null,
          1,
          1,
          1,
          1,
          1,
          1,
          1,
          null,
          null,
          null,
          null,
          null,
          null,
          null,
          null,
          null,
          1,
          2,
          2,
          null,
          6,
          1,
          2,
          1,
          1,
          2,
          1,
          null,
          1,
          null
        ]
      },
      "/Users/meaganwaller/dev/devblog/backend/app/models/reaction.rb": {
        "lines": [
          null,
          null,
          null,
          null,
          null,
          null,
          null,
          null,
          null,
          null,
          null,
          null,
          null,
          null,
          null,
          null,
          null,
          null,
          1,
          1,
          null,
          1,
          null,
          null,
          null,
          null,
          null,
          null,
          null,
          null,
          1,
          null
        ]
      },
      "/Users/meaganwaller/dev/devblog/backend/app/adapters/notion_adapter.rb": {
        "lines": [
          1,
          1,
          0,
          null,
          null,
          1,
          0,
          null,
          null,
          1,
          0,
          null,
          null,
          1,
          0,
          0,
          0,
          null,
          0,
          null,
          null,
          1,
          0,
          0,
          null,
          0,
          null,
          null,
          null,
          null,
          null,
          null,
          null,
          1,
          0,
          0,
          null,
          0,
          null,
          0,
          null,
          0,
          null,
          null,
          null,
          null,
          null,
          null,
          null,
          null,
          null,
          null
        ]
      },
      "/Users/meaganwaller/dev/devblog/backend/app/controllers/api/v1/posts_controller.rb": {
        "lines": [
          1,
          1,
          1,
          1,
          4,
          4,
          4,
          null,
          null,
          1,
          1,
          null,
          null,
          null,
          null
        ]
      },
      "/Users/meaganwaller/dev/devblog/backend/app/controllers/application_controller.rb": {
        "lines": [
          1,
          null
        ]
      },
      "/Users/meaganwaller/dev/devblog/backend/app/controllers/api/v1/categories_controller.rb": {
        "lines": [
          1,
          1,
          1,
          1,
          2,
          null,
          null,
          1,
          1,
          null,
          null,
          null,
          null
        ]
      },
      "/Users/meaganwaller/dev/devblog/backend/app/channels/application_cable/channel.rb": {
        "lines": [
          0,
          0,
          0,
          0
        ],
        "branches": {
        }
      },
      "/Users/meaganwaller/dev/devblog/backend/app/channels/application_cable/connection.rb": {
        "lines": [
          0,
          0,
          0,
          0
        ],
        "branches": {
        }
      },
      "/Users/meaganwaller/dev/devblog/backend/app/controllers/api/v1/contact_controller.rb": {
        "lines": [
          0,
          0,
          0,
          0,
          0,
          0,
          0,
          null,
          0,
          null,
          0,
          0,
          0,
          0,
          0,
          0
        ],
        "branches": {
        }
      },
      "/Users/meaganwaller/dev/devblog/backend/app/controllers/api/v1/metrics_controller.rb": {
        "lines": [
          0,
          0,
          0,
          0,
          0,
          0,
          0,
          null,
          0,
          0,
          0,
          0,
          0,
          0
        ],
        "branches": {
        }
      },
      "/Users/meaganwaller/dev/devblog/backend/app/mailers/application_mailer.rb": {
        "lines": [
          0,
          0,
          0,
          0
        ],
        "branches": {
        }
      },
      "/Users/meaganwaller/dev/devblog/backend/app/services/create_contact_entry.rb": {
        "lines": [
          0,
          0,
          0,
          0,
          0,
          0,
          0,
          0,
          0,
          0,
          0,
          0,
          0,
          0,
          0,
          0,
          0,
          0,
          0,
          0,
          0,
          0,
          0,
          0,
          0,
          0,
          0,
          0,
          0,
          0,
          0,
          0,
          0,
          0,
          0,
          0,
          0,
          0,
          0,
          0,
          0,
          0,
          0,
          0,
          0,
          0,
          0,
          0,
          0,
          0,
          0,
          0,
          0,
          0,
          0,
          0,
          0,
          0,
          0,
          0,
          0,
          0,
          0
        ],
        "branches": {
        }
      },
      "/Users/meaganwaller/dev/devblog/backend/app/services/metrics_api.rb": {
        "lines": [

        ],
        "branches": {
        }
      }
    },
    "timestamp": 1691867363
  }
}
